<?xml version="1.0" encoding="UTF-8"?>
<!-- Generated by org.testng.reporters.JUnitXMLReporter -->
<testsuite hostname="XPN-VM" name="ChromeTest" tests="4" failures="2" timestamp="15 Jan 2016 22:02:54 GMT" time="112.382" errors="0">
  <testcase name="loginTest" time="31.446" classname="gmailTests.loginGmailTest"/>
  <testcase name="loginTest" time="1.234" classname="gmailTests.loginGmailTest">
    <failure type="java.lang.AssertionError" message="Validate error message when email is incorrect expected [Sorry, Google doesn&amp;apos;t recognize that email.] but found []">
      <![CDATA[java.lang.AssertionError: Validate error message when email is incorrect expected [Sorry, Google doesn't recognize that email.] but found []
	at gmailTests.loginGmailTest.loginTest(loginGmailTest.java:102)
	at java.util.concurrent.FutureTask.run(Unknown Source)
	at java.util.concurrent.ThreadPoolExecutor.runWorker(Unknown Source)
	at java.util.concurrent.ThreadPoolExecutor$Worker.run(Unknown Source)
	at java.lang.Thread.run(Unknown Source)
... Removed 20 stack frames]]>
    </failure>
  </testcase> <!-- loginTest -->
  <testcase name="loginTest" time="30.956" classname="gmailTests.loginGmailTest"/>
  <testcase name="loginTest" time="1.137" classname="gmailTests.loginGmailTest">
    <failure type="java.lang.AssertionError" message="Validate error message when email is incorrect expected [Sorry, Google doesn&amp;apos;t recognize that email.] but found []">
      <![CDATA[java.lang.AssertionError: Validate error message when email is incorrect expected [Sorry, Google doesn't recognize that email.] but found []
	at gmailTests.loginGmailTest.loginTest(loginGmailTest.java:102)
	at java.util.concurrent.FutureTask.run(Unknown Source)
	at java.util.concurrent.ThreadPoolExecutor.runWorker(Unknown Source)
	at java.util.concurrent.ThreadPoolExecutor$Worker.run(Unknown Source)
	at java.lang.Thread.run(Unknown Source)
... Removed 20 stack frames]]>
    </failure>
  </testcase> <!-- loginTest -->
</testsuite> <!-- ChromeTest -->
